[0.014s] Invoking command in '/home/mariselvam/arduinobot_ws/build/arduinobot_description': CMAKE_PREFIX_PATH=/opt/ros/humble /usr/bin/cmake --build /home/mariselvam/arduinobot_ws/build/arduinobot_description -- -j6 -l6
[0.033s] -- Found ament_cmake: 1.3.11 (/opt/ros/humble/share/ament_cmake/cmake)
[0.140s] -- Found ament_lint_auto: 0.12.11 (/opt/ros/humble/share/ament_lint_auto/cmake)
[0.214s] -- Added test 'lint_cmake' to check CMake code style
[0.216s] -- Added test 'xmllint' to check XML markup files
[0.216s] -- Configuring done
[0.219s] -- Generating done
[0.220s] -- Build files have been written to: /home/mariselvam/arduinobot_ws/build/arduinobot_description
[0.250s] Invoked command in '/home/mariselvam/arduinobot_ws/build/arduinobot_description' returned '0': CMAKE_PREFIX_PATH=/opt/ros/humble /usr/bin/cmake --build /home/mariselvam/arduinobot_ws/build/arduinobot_description -- -j6 -l6
[0.258s] Invoking command in '/home/mariselvam/arduinobot_ws/build/arduinobot_description': CMAKE_PREFIX_PATH=/opt/ros/humble /usr/bin/cmake --install /home/mariselvam/arduinobot_ws/build/arduinobot_description
[0.264s] -- Install configuration: ""
[0.264s] -- Installing: /home/mariselvam/arduinobot_ws/install/arduinobot_description/share/arduinobot_description/urdf
[0.265s] -- Installing: /home/mariselvam/arduinobot_ws/install/arduinobot_description/share/arduinobot_description/urdf/arduinobot.urdf.xacro
[0.265s] -- Installing: /home/mariselvam/arduinobot_ws/install/arduinobot_description/share/arduinobot_description/meshes
[0.265s] -- Installing: /home/mariselvam/arduinobot_ws/install/arduinobot_description/share/arduinobot_description/meshes/left_finger.STL
[0.265s] -- Installing: /home/mariselvam/arduinobot_ws/install/arduinobot_description/share/arduinobot_description/meshes/link.STL
[0.265s] -- Installing: /home/mariselvam/arduinobot_ws/install/arduinobot_description/share/arduinobot_description/meshes/right_finger.STL
[0.266s] -- Installing: /home/mariselvam/arduinobot_ws/install/arduinobot_description/share/arduinobot_description/meshes/base_plate.STL
[0.269s] -- Installing: /home/mariselvam/arduinobot_ws/install/arduinobot_description/share/arduinobot_description/meshes/claw_support.STL
[0.271s] -- Installing: /home/mariselvam/arduinobot_ws/install/arduinobot_description/share/arduinobot_description/meshes/servo_plate.STL
[0.272s] -- Installing: /home/mariselvam/arduinobot_ws/install/arduinobot_description/share/arduinobot_description/meshes/horizontal_arm.STL
[0.274s] -- Installing: /home/mariselvam/arduinobot_ws/install/arduinobot_description/share/arduinobot_description/meshes/round_plate.STL
[0.274s] -- Installing: /home/mariselvam/arduinobot_ws/install/arduinobot_description/share/arduinobot_description/meshes/triangular_link.STL
[0.275s] -- Installing: /home/mariselvam/arduinobot_ws/install/arduinobot_description/share/arduinobot_description/meshes/basement.STL
[0.276s] -- Installing: /home/mariselvam/arduinobot_ws/install/arduinobot_description/share/arduinobot_description/meshes/forward_drive_arm.STL
[0.279s] -- Installing: /home/mariselvam/arduinobot_ws/install/arduinobot_description/share/arduinobot_description/meshes/vertical_drive_arm.STL
[0.283s] -- Installing: /home/mariselvam/arduinobot_ws/install/arduinobot_description/share/arduinobot_description/meshes/plate.STL
[0.284s] -- Up-to-date: /home/mariselvam/arduinobot_ws/install/arduinobot_description/share/ament_index/resource_index/package_run_dependencies/arduinobot_description
[0.284s] -- Up-to-date: /home/mariselvam/arduinobot_ws/install/arduinobot_description/share/ament_index/resource_index/parent_prefix_path/arduinobot_description
[0.284s] -- Up-to-date: /home/mariselvam/arduinobot_ws/install/arduinobot_description/share/arduinobot_description/environment/ament_prefix_path.sh
[0.284s] -- Installing: /home/mariselvam/arduinobot_ws/install/arduinobot_description/share/arduinobot_description/environment/ament_prefix_path.dsv
[0.284s] -- Up-to-date: /home/mariselvam/arduinobot_ws/install/arduinobot_description/share/arduinobot_description/environment/path.sh
[0.284s] -- Installing: /home/mariselvam/arduinobot_ws/install/arduinobot_description/share/arduinobot_description/environment/path.dsv
[0.285s] -- Up-to-date: /home/mariselvam/arduinobot_ws/install/arduinobot_description/share/arduinobot_description/local_setup.bash
[0.285s] -- Up-to-date: /home/mariselvam/arduinobot_ws/install/arduinobot_description/share/arduinobot_description/local_setup.sh
[0.285s] -- Up-to-date: /home/mariselvam/arduinobot_ws/install/arduinobot_description/share/arduinobot_description/local_setup.zsh
[0.285s] -- Installing: /home/mariselvam/arduinobot_ws/install/arduinobot_description/share/arduinobot_description/local_setup.dsv
[0.285s] -- Installing: /home/mariselvam/arduinobot_ws/install/arduinobot_description/share/arduinobot_description/package.dsv
[0.285s] -- Up-to-date: /home/mariselvam/arduinobot_ws/install/arduinobot_description/share/ament_index/resource_index/packages/arduinobot_description
[0.285s] -- Up-to-date: /home/mariselvam/arduinobot_ws/install/arduinobot_description/share/arduinobot_description/cmake/arduinobot_descriptionConfig.cmake
[0.286s] -- Up-to-date: /home/mariselvam/arduinobot_ws/install/arduinobot_description/share/arduinobot_description/cmake/arduinobot_descriptionConfig-version.cmake
[0.286s] -- Up-to-date: /home/mariselvam/arduinobot_ws/install/arduinobot_description/share/arduinobot_description/package.xml
[0.296s] Invoked command in '/home/mariselvam/arduinobot_ws/build/arduinobot_description' returned '0': CMAKE_PREFIX_PATH=/opt/ros/humble /usr/bin/cmake --install /home/mariselvam/arduinobot_ws/build/arduinobot_description
