[0.019s] Invoking command in '/home/mariselvam/arduinobot_ws/build/arduinobot_cpp_examples': CMAKE_PREFIX_PATH=/opt/ros/humble /usr/bin/cmake /home/mariselvam/arduinobot_ws/scr/arduinobot_cpp_examples -DCMAKE_INSTALL_PREFIX=/home/mariselvam/arduinobot_ws/install/arduinobot_cpp_examples
[0.057s] -- Found ament_cmake: 1.3.11 (/opt/ros/humble/share/ament_cmake/cmake)
[0.177s] -- Override CMake install command with custom implementation using symlinks instead of copying resources
[0.206s] -- Found ament_lint_auto: 0.12.11 (/opt/ros/humble/share/ament_lint_auto/cmake)
[0.293s] -- Added test 'lint_cmake' to check CMake code style
[0.294s] -- Added test 'xmllint' to check XML markup files
[0.296s] -- Configuring done
[0.300s] -- Generating done
[0.302s] -- Build files have been written to: /home/mariselvam/arduinobot_ws/build/arduinobot_cpp_examples
[0.305s] Invoked command in '/home/mariselvam/arduinobot_ws/build/arduinobot_cpp_examples' returned '0': CMAKE_PREFIX_PATH=/opt/ros/humble /usr/bin/cmake /home/mariselvam/arduinobot_ws/scr/arduinobot_cpp_examples -DCMAKE_INSTALL_PREFIX=/home/mariselvam/arduinobot_ws/install/arduinobot_cpp_examples
[0.306s] Invoking command in '/home/mariselvam/arduinobot_ws/build/arduinobot_cpp_examples': CMAKE_PREFIX_PATH=/opt/ros/humble /usr/bin/cmake --build /home/mariselvam/arduinobot_ws/build/arduinobot_cpp_examples -- -j6 -l6
[0.338s] Invoked command in '/home/mariselvam/arduinobot_ws/build/arduinobot_cpp_examples' returned '0': CMAKE_PREFIX_PATH=/opt/ros/humble /usr/bin/cmake --build /home/mariselvam/arduinobot_ws/build/arduinobot_cpp_examples -- -j6 -l6
[0.346s] Invoking command in '/home/mariselvam/arduinobot_ws/build/arduinobot_cpp_examples': CMAKE_PREFIX_PATH=/opt/ros/humble /usr/bin/cmake --install /home/mariselvam/arduinobot_ws/build/arduinobot_cpp_examples
[0.352s] -- Install configuration: ""
[0.353s] -- Execute custom install script
[0.354s] -- Up-to-date symlink: /home/mariselvam/arduinobot_ws/install/arduinobot_cpp_examples/share/ament_index/resource_index/package_run_dependencies/arduinobot_cpp_examples
[0.354s] -- Up-to-date symlink: /home/mariselvam/arduinobot_ws/install/arduinobot_cpp_examples/share/ament_index/resource_index/parent_prefix_path/arduinobot_cpp_examples
[0.355s] -- Up-to-date symlink: /home/mariselvam/arduinobot_ws/install/arduinobot_cpp_examples/share/arduinobot_cpp_examples/environment/ament_prefix_path.sh
[0.355s] -- Up-to-date symlink: /home/mariselvam/arduinobot_ws/install/arduinobot_cpp_examples/share/arduinobot_cpp_examples/environment/ament_prefix_path.dsv
[0.355s] -- Up-to-date symlink: /home/mariselvam/arduinobot_ws/install/arduinobot_cpp_examples/share/arduinobot_cpp_examples/environment/path.sh
[0.355s] -- Up-to-date symlink: /home/mariselvam/arduinobot_ws/install/arduinobot_cpp_examples/share/arduinobot_cpp_examples/environment/path.dsv
[0.356s] -- Up-to-date symlink: /home/mariselvam/arduinobot_ws/install/arduinobot_cpp_examples/share/arduinobot_cpp_examples/local_setup.bash
[0.356s] -- Up-to-date symlink: /home/mariselvam/arduinobot_ws/install/arduinobot_cpp_examples/share/arduinobot_cpp_examples/local_setup.sh
[0.356s] -- Up-to-date symlink: /home/mariselvam/arduinobot_ws/install/arduinobot_cpp_examples/share/arduinobot_cpp_examples/local_setup.zsh
[0.356s] -- Up-to-date symlink: /home/mariselvam/arduinobot_ws/install/arduinobot_cpp_examples/share/arduinobot_cpp_examples/local_setup.dsv
[0.357s] -- Symlinking: /home/mariselvam/arduinobot_ws/install/arduinobot_cpp_examples/share/arduinobot_cpp_examples/package.dsv
[0.364s] -- Up-to-date symlink: /home/mariselvam/arduinobot_ws/install/arduinobot_cpp_examples/share/ament_index/resource_index/packages/arduinobot_cpp_examples
[0.364s] -- Up-to-date symlink: /home/mariselvam/arduinobot_ws/install/arduinobot_cpp_examples/share/arduinobot_cpp_examples/cmake/arduinobot_cpp_examplesConfig.cmake
[0.364s] -- Up-to-date symlink: /home/mariselvam/arduinobot_ws/install/arduinobot_cpp_examples/share/arduinobot_cpp_examples/cmake/arduinobot_cpp_examplesConfig-version.cmake
[0.365s] -- Up-to-date symlink: /home/mariselvam/arduinobot_ws/install/arduinobot_cpp_examples/share/arduinobot_cpp_examples/package.xml
[0.366s] Invoked command in '/home/mariselvam/arduinobot_ws/build/arduinobot_cpp_examples' returned '0': CMAKE_PREFIX_PATH=/opt/ros/humble /usr/bin/cmake --install /home/mariselvam/arduinobot_ws/build/arduinobot_cpp_examples
