[0.575s] Invoking command in '/home/mariselvam/arduinobot_ws/build/arduinobot_py_examples': PYTHONPATH=/home/mariselvam/arduinobot_ws/build/arduinobot_py_examples/prefix_override:/usr/lib/python3/dist-packages/colcon_core/task/python/colcon_distutils_commands:/home/mariselvam/arduinobot_ws/install/arduinobot_py_examples/lib/python3.10/site-packages:${PYTHONPATH} /usr/bin/python3 -W ignore:setup.py install is deprecated -W ignore:easy_install command is deprecated setup.py develop --editable --build-directory /home/mariselvam/arduinobot_ws/build/arduinobot_py_examples/build --no-deps symlink_data
[0.811s] running develop
[0.971s] running egg_info
[0.972s] creating arduinobot_py_examples.egg-info
[0.972s] writing arduinobot_py_examples.egg-info/PKG-INFO
[0.972s] writing dependency_links to arduinobot_py_examples.egg-info/dependency_links.txt
[0.972s] writing entry points to arduinobot_py_examples.egg-info/entry_points.txt
[0.972s] writing requirements to arduinobot_py_examples.egg-info/requires.txt
[0.972s] writing top-level names to arduinobot_py_examples.egg-info/top_level.txt
[0.972s] writing manifest file 'arduinobot_py_examples.egg-info/SOURCES.txt'
[0.974s] reading manifest file 'arduinobot_py_examples.egg-info/SOURCES.txt'
[0.974s] writing manifest file 'arduinobot_py_examples.egg-info/SOURCES.txt'
[0.975s] running build_ext
[0.975s] Creating /home/mariselvam/arduinobot_ws/install/arduinobot_py_examples/lib/python3.10/site-packages/arduinobot-py-examples.egg-link (link to .)
[0.976s] Installing simple_publisher script to /home/mariselvam/arduinobot_ws/install/arduinobot_py_examples/lib/arduinobot_py_examples
[0.976s] Installing simple_subscriber script to /home/mariselvam/arduinobot_ws/install/arduinobot_py_examples/lib/arduinobot_py_examples
[0.976s] 
[0.976s] Installed /home/mariselvam/arduinobot_ws/build/arduinobot_py_examples
[0.976s] running symlink_data
[0.977s] creating /home/mariselvam/arduinobot_ws/install/arduinobot_py_examples/share/ament_index
[0.977s] creating /home/mariselvam/arduinobot_ws/install/arduinobot_py_examples/share/ament_index/resource_index
[0.977s] creating /home/mariselvam/arduinobot_ws/install/arduinobot_py_examples/share/ament_index/resource_index/packages
[0.977s] symbolically linking /home/mariselvam/arduinobot_ws/build/arduinobot_py_examples/resource/arduinobot_py_examples -> /home/mariselvam/arduinobot_ws/install/arduinobot_py_examples/share/ament_index/resource_index/packages
[0.977s] symbolically linking /home/mariselvam/arduinobot_ws/build/arduinobot_py_examples/package.xml -> /home/mariselvam/arduinobot_ws/install/arduinobot_py_examples/share/arduinobot_py_examples
[0.998s] Invoked command in '/home/mariselvam/arduinobot_ws/build/arduinobot_py_examples' returned '0': PYTHONPATH=/home/mariselvam/arduinobot_ws/build/arduinobot_py_examples/prefix_override:/usr/lib/python3/dist-packages/colcon_core/task/python/colcon_distutils_commands:/home/mariselvam/arduinobot_ws/install/arduinobot_py_examples/lib/python3.10/site-packages:${PYTHONPATH} /usr/bin/python3 -W ignore:setup.py install is deprecated -W ignore:easy_install command is deprecated setup.py develop --editable --build-directory /home/mariselvam/arduinobot_ws/build/arduinobot_py_examples/build --no-deps symlink_data
