[0.604s] Invoking command in '/home/mariselvam/arduinobot_ws/scr/arduinobot_py_examples': PYTHONPATH=/home/mariselvam/arduinobot_ws/build/arduinobot_py_examples/prefix_override:/usr/lib/python3/dist-packages/colcon_core/task/python/colcon_distutils_commands:/home/mariselvam/arduinobot_ws/install/arduinobot_py_examples/lib/python3.10/site-packages:${PYTHONPATH} /usr/bin/python3 -W ignore:setup.py install is deprecated -W ignore:easy_install command is deprecated setup.py egg_info --egg-base ../../build/arduinobot_py_examples build --build-base /home/mariselvam/arduinobot_ws/build/arduinobot_py_examples/build install --record /home/mariselvam/arduinobot_ws/build/arduinobot_py_examples/install.log --single-version-externally-managed install_data
[0.812s] running egg_info
[0.813s] writing ../../build/arduinobot_py_examples/arduinobot_py_examples.egg-info/PKG-INFO
[0.813s] writing dependency_links to ../../build/arduinobot_py_examples/arduinobot_py_examples.egg-info/dependency_links.txt
[0.813s] writing entry points to ../../build/arduinobot_py_examples/arduinobot_py_examples.egg-info/entry_points.txt
[0.813s] writing requirements to ../../build/arduinobot_py_examples/arduinobot_py_examples.egg-info/requires.txt
[0.813s] writing top-level names to ../../build/arduinobot_py_examples/arduinobot_py_examples.egg-info/top_level.txt
[0.815s] reading manifest file '../../build/arduinobot_py_examples/arduinobot_py_examples.egg-info/SOURCES.txt'
[0.816s] writing manifest file '../../build/arduinobot_py_examples/arduinobot_py_examples.egg-info/SOURCES.txt'
[0.816s] running build
[0.816s] running build_py
[0.816s] copying arduinobot_py_examples/simple_parameter.py -> /home/mariselvam/arduinobot_ws/build/arduinobot_py_examples/build/lib/arduinobot_py_examples
[0.816s] running install
[0.817s] running install_lib
[0.817s] copying /home/mariselvam/arduinobot_ws/build/arduinobot_py_examples/build/lib/arduinobot_py_examples/simple_parameter.py -> /home/mariselvam/arduinobot_ws/install/arduinobot_py_examples/lib/python3.10/site-packages/arduinobot_py_examples
[0.818s] byte-compiling /home/mariselvam/arduinobot_ws/install/arduinobot_py_examples/lib/python3.10/site-packages/arduinobot_py_examples/simple_parameter.py to simple_parameter.cpython-310.pyc
[0.819s] running install_data
[0.819s] copying package.xml -> /home/mariselvam/arduinobot_ws/install/arduinobot_py_examples/share/arduinobot_py_examples
[0.819s] running install_egg_info
[0.821s] removing '/home/mariselvam/arduinobot_ws/install/arduinobot_py_examples/lib/python3.10/site-packages/arduinobot_py_examples-0.0.0-py3.10.egg-info' (and everything under it)
[0.821s] Copying ../../build/arduinobot_py_examples/arduinobot_py_examples.egg-info to /home/mariselvam/arduinobot_ws/install/arduinobot_py_examples/lib/python3.10/site-packages/arduinobot_py_examples-0.0.0-py3.10.egg-info
[0.822s] running install_scripts
[0.839s] Installing simple_publisher script to /home/mariselvam/arduinobot_ws/install/arduinobot_py_examples/lib/arduinobot_py_examples
[0.839s] Installing simple_subscriber = arduinobot_py_examples.simple_subscriber:mainsimple_parameter script to /home/mariselvam/arduinobot_ws/install/arduinobot_py_examples/lib/arduinobot_py_examples
[0.839s] writing list of installed files to '/home/mariselvam/arduinobot_ws/build/arduinobot_py_examples/install.log'
[0.858s] Invoked command in '/home/mariselvam/arduinobot_ws/scr/arduinobot_py_examples' returned '0': PYTHONPATH=/home/mariselvam/arduinobot_ws/build/arduinobot_py_examples/prefix_override:/usr/lib/python3/dist-packages/colcon_core/task/python/colcon_distutils_commands:/home/mariselvam/arduinobot_ws/install/arduinobot_py_examples/lib/python3.10/site-packages:${PYTHONPATH} /usr/bin/python3 -W ignore:setup.py install is deprecated -W ignore:easy_install command is deprecated setup.py egg_info --egg-base ../../build/arduinobot_py_examples build --build-base /home/mariselvam/arduinobot_ws/build/arduinobot_py_examples/build install --record /home/mariselvam/arduinobot_ws/build/arduinobot_py_examples/install.log --single-version-externally-managed install_data
