[0.576s] Invoking command in '/home/mariselvam/arduinobot_ws/scr/arduinobot_py_examples': PYTHONPATH=/home/mariselvam/arduinobot_ws/build/arduinobot_py_examples/prefix_override:/usr/lib/python3/dist-packages/colcon_core/task/python/colcon_distutils_commands:/home/mariselvam/arduinobot_ws/install/arduinobot_py_examples/lib/python3.10/site-packages:${PYTHONPATH} /usr/bin/python3 -W ignore:setup.py install is deprecated -W ignore:easy_install command is deprecated setup.py egg_info --egg-base ../../build/arduinobot_py_examples build --build-base /home/mariselvam/arduinobot_ws/build/arduinobot_py_examples/build install --record /home/mariselvam/arduinobot_ws/build/arduinobot_py_examples/install.log --single-version-externally-managed install_data
[0.791s] running egg_info
[0.791s] writing ../../build/arduinobot_py_examples/arduinobot_py_examples.egg-info/PKG-INFO
[0.792s] writing dependency_links to ../../build/arduinobot_py_examples/arduinobot_py_examples.egg-info/dependency_links.txt
[0.792s] writing entry points to ../../build/arduinobot_py_examples/arduinobot_py_examples.egg-info/entry_points.txt
[0.792s] writing requirements to ../../build/arduinobot_py_examples/arduinobot_py_examples.egg-info/requires.txt
[0.792s] writing top-level names to ../../build/arduinobot_py_examples/arduinobot_py_examples.egg-info/top_level.txt
[0.793s] reading manifest file '../../build/arduinobot_py_examples/arduinobot_py_examples.egg-info/SOURCES.txt'
[0.794s] writing manifest file '../../build/arduinobot_py_examples/arduinobot_py_examples.egg-info/SOURCES.txt'
[0.794s] running build
[0.794s] running build_py
[0.794s] running install
[0.795s] running install_lib
[0.796s] running install_data
[0.796s] running install_egg_info
[0.797s] removing '/home/mariselvam/arduinobot_ws/install/arduinobot_py_examples/lib/python3.10/site-packages/arduinobot_py_examples-0.0.0-py3.10.egg-info' (and everything under it)
[0.797s] Copying ../../build/arduinobot_py_examples/arduinobot_py_examples.egg-info to /home/mariselvam/arduinobot_ws/install/arduinobot_py_examples/lib/python3.10/site-packages/arduinobot_py_examples-0.0.0-py3.10.egg-info
[0.798s] running install_scripts
[0.815s] Installing simple_publisher script to /home/mariselvam/arduinobot_ws/install/arduinobot_py_examples/lib/arduinobot_py_examples
[0.815s] Installing simple_subscriber script to /home/mariselvam/arduinobot_ws/install/arduinobot_py_examples/lib/arduinobot_py_examples
[0.815s] writing list of installed files to '/home/mariselvam/arduinobot_ws/build/arduinobot_py_examples/install.log'
[0.836s] Invoked command in '/home/mariselvam/arduinobot_ws/scr/arduinobot_py_examples' returned '0': PYTHONPATH=/home/mariselvam/arduinobot_ws/build/arduinobot_py_examples/prefix_override:/usr/lib/python3/dist-packages/colcon_core/task/python/colcon_distutils_commands:/home/mariselvam/arduinobot_ws/install/arduinobot_py_examples/lib/python3.10/site-packages:${PYTHONPATH} /usr/bin/python3 -W ignore:setup.py install is deprecated -W ignore:easy_install command is deprecated setup.py egg_info --egg-base ../../build/arduinobot_py_examples build --build-base /home/mariselvam/arduinobot_ws/build/arduinobot_py_examples/build install --record /home/mariselvam/arduinobot_ws/build/arduinobot_py_examples/install.log --single-version-externally-managed install_data
