[0.015s] Invoking command in '/home/mariselvam/arduinobot_ws/build/arduinobot_description': CMAKE_PREFIX_PATH=/opt/ros/humble /usr/bin/cmake /home/mariselvam/arduinobot_ws/scr/arduinobot_description -DCMAKE_INSTALL_PREFIX=/home/mariselvam/arduinobot_ws/install/arduinobot_description
[0.130s] -- The C compiler identification is GNU 11.4.0
[0.229s] -- The CXX compiler identification is GNU 11.4.0
[0.237s] -- Detecting C compiler ABI info
[0.301s] -- Detecting C compiler ABI info - done
[0.308s] -- Check for working C compiler: /usr/bin/cc - skipped
[0.308s] -- Detecting C compile features
[0.309s] -- Detecting C compile features - done
[0.312s] -- Detecting CXX compiler ABI info
[0.382s] -- Detecting CXX compiler ABI info - done
[0.389s] -- Check for working CXX compiler: /usr/bin/c++ - skipped
[0.389s] -- Detecting CXX compile features
[0.389s] -- Detecting CXX compile features - done
[0.392s] -- Found ament_cmake: 1.3.11 (/opt/ros/humble/share/ament_cmake/cmake)
[0.517s] -- Found Python3: /usr/bin/python3 (found version "3.10.12") found components: Interpreter 
[0.593s] -- Found ament_lint_auto: 0.12.11 (/opt/ros/humble/share/ament_lint_auto/cmake)
[0.676s] -- Added test 'lint_cmake' to check CMake code style
[0.677s] -- Added test 'xmllint' to check XML markup files
[0.678s] -- Configuring done
[0.681s] -- Generating done
[0.682s] -- Build files have been written to: /home/mariselvam/arduinobot_ws/build/arduinobot_description
[0.687s] Invoked command in '/home/mariselvam/arduinobot_ws/build/arduinobot_description' returned '0': CMAKE_PREFIX_PATH=/opt/ros/humble /usr/bin/cmake /home/mariselvam/arduinobot_ws/scr/arduinobot_description -DCMAKE_INSTALL_PREFIX=/home/mariselvam/arduinobot_ws/install/arduinobot_description
[0.687s] Invoking command in '/home/mariselvam/arduinobot_ws/build/arduinobot_description': CMAKE_PREFIX_PATH=/opt/ros/humble /usr/bin/cmake --build /home/mariselvam/arduinobot_ws/build/arduinobot_description -- -j6 -l6
[0.718s] Invoked command in '/home/mariselvam/arduinobot_ws/build/arduinobot_description' returned '0': CMAKE_PREFIX_PATH=/opt/ros/humble /usr/bin/cmake --build /home/mariselvam/arduinobot_ws/build/arduinobot_description -- -j6 -l6
[0.719s] Invoking command in '/home/mariselvam/arduinobot_ws/build/arduinobot_description': CMAKE_PREFIX_PATH=/opt/ros/humble /usr/bin/cmake --install /home/mariselvam/arduinobot_ws/build/arduinobot_description
[0.725s] -- Install configuration: ""
[0.726s] -- Installing: /home/mariselvam/arduinobot_ws/install/arduinobot_description/share/ament_index/resource_index/package_run_dependencies/arduinobot_description
[0.726s] -- Installing: /home/mariselvam/arduinobot_ws/install/arduinobot_description/share/ament_index/resource_index/parent_prefix_path/arduinobot_description
[0.726s] -- Installing: /home/mariselvam/arduinobot_ws/install/arduinobot_description/share/arduinobot_description/environment/ament_prefix_path.sh
[0.726s] -- Installing: /home/mariselvam/arduinobot_ws/install/arduinobot_description/share/arduinobot_description/environment/ament_prefix_path.dsv
[0.726s] -- Installing: /home/mariselvam/arduinobot_ws/install/arduinobot_description/share/arduinobot_description/environment/path.sh
[0.726s] -- Installing: /home/mariselvam/arduinobot_ws/install/arduinobot_description/share/arduinobot_description/environment/path.dsv
[0.726s] -- Installing: /home/mariselvam/arduinobot_ws/install/arduinobot_description/share/arduinobot_description/local_setup.bash
[0.726s] -- Installing: /home/mariselvam/arduinobot_ws/install/arduinobot_description/share/arduinobot_description/local_setup.sh
[0.726s] -- Installing: /home/mariselvam/arduinobot_ws/install/arduinobot_description/share/arduinobot_description/local_setup.zsh
[0.727s] -- Installing: /home/mariselvam/arduinobot_ws/install/arduinobot_description/share/arduinobot_description/local_setup.dsv
[0.727s] -- Installing: /home/mariselvam/arduinobot_ws/install/arduinobot_description/share/arduinobot_description/package.dsv
[0.727s] -- Installing: /home/mariselvam/arduinobot_ws/install/arduinobot_description/share/ament_index/resource_index/packages/arduinobot_description
[0.727s] -- Installing: /home/mariselvam/arduinobot_ws/install/arduinobot_description/share/arduinobot_description/cmake/arduinobot_descriptionConfig.cmake
[0.727s] -- Installing: /home/mariselvam/arduinobot_ws/install/arduinobot_description/share/arduinobot_description/cmake/arduinobot_descriptionConfig-version.cmake
[0.727s] -- Installing: /home/mariselvam/arduinobot_ws/install/arduinobot_description/share/arduinobot_description/package.xml
[0.729s] Invoked command in '/home/mariselvam/arduinobot_ws/build/arduinobot_description' returned '0': CMAKE_PREFIX_PATH=/opt/ros/humble /usr/bin/cmake --install /home/mariselvam/arduinobot_ws/build/arduinobot_description
