[0.015s] Invoking command in '/home/mariselvam/arduinobot_ws/build/arduinobot_description': CMAKE_PREFIX_PATH=/opt/ros/humble /usr/bin/cmake --build /home/mariselvam/arduinobot_ws/build/arduinobot_description -- -j6 -l6
[0.045s] -- Found ament_cmake: 1.3.11 (/opt/ros/humble/share/ament_cmake/cmake)
[0.166s] -- Found ament_lint_auto: 0.12.11 (/opt/ros/humble/share/ament_lint_auto/cmake)
[0.250s] -- Added test 'flake8' to check Python code syntax and style conventions
[0.250s] -- Added test 'lint_cmake' to check CMake code style
[0.251s] -- Added test 'pep257' to check Python code against some of the docstring style conventions in PEP 257
[0.253s] -- Added test 'xmllint' to check XML markup files
[0.255s] -- Configuring done
[0.259s] -- Generating done
[0.260s] -- Build files have been written to: /home/mariselvam/arduinobot_ws/build/arduinobot_description
[0.278s] Invoked command in '/home/mariselvam/arduinobot_ws/build/arduinobot_description' returned '0': CMAKE_PREFIX_PATH=/opt/ros/humble /usr/bin/cmake --build /home/mariselvam/arduinobot_ws/build/arduinobot_description -- -j6 -l6
[0.280s] Invoking command in '/home/mariselvam/arduinobot_ws/build/arduinobot_description': CMAKE_PREFIX_PATH=/opt/ros/humble /usr/bin/cmake --install /home/mariselvam/arduinobot_ws/build/arduinobot_description
[0.286s] -- Install configuration: ""
[0.287s] -- Up-to-date: /home/mariselvam/arduinobot_ws/install/arduinobot_description/share/arduinobot_description/urdf
[0.287s] -- Installing: /home/mariselvam/arduinobot_ws/install/arduinobot_description/share/arduinobot_description/urdf/arduinobot.urdf.xacro
[0.287s] -- Up-to-date: /home/mariselvam/arduinobot_ws/install/arduinobot_description/share/arduinobot_description/meshes
[0.287s] -- Up-to-date: /home/mariselvam/arduinobot_ws/install/arduinobot_description/share/arduinobot_description/meshes/left_finger.STL
[0.287s] -- Up-to-date: /home/mariselvam/arduinobot_ws/install/arduinobot_description/share/arduinobot_description/meshes/link.STL
[0.287s] -- Up-to-date: /home/mariselvam/arduinobot_ws/install/arduinobot_description/share/arduinobot_description/meshes/right_finger.STL
[0.287s] -- Up-to-date: /home/mariselvam/arduinobot_ws/install/arduinobot_description/share/arduinobot_description/meshes/base_plate.STL
[0.287s] -- Up-to-date: /home/mariselvam/arduinobot_ws/install/arduinobot_description/share/arduinobot_description/meshes/claw_support.STL
[0.287s] -- Up-to-date: /home/mariselvam/arduinobot_ws/install/arduinobot_description/share/arduinobot_description/meshes/servo_plate.STL
[0.287s] -- Up-to-date: /home/mariselvam/arduinobot_ws/install/arduinobot_description/share/arduinobot_description/meshes/horizontal_arm.STL
[0.288s] -- Up-to-date: /home/mariselvam/arduinobot_ws/install/arduinobot_description/share/arduinobot_description/meshes/round_plate.STL
[0.288s] -- Up-to-date: /home/mariselvam/arduinobot_ws/install/arduinobot_description/share/arduinobot_description/meshes/triangular_link.STL
[0.288s] -- Up-to-date: /home/mariselvam/arduinobot_ws/install/arduinobot_description/share/arduinobot_description/meshes/basement.STL
[0.288s] -- Up-to-date: /home/mariselvam/arduinobot_ws/install/arduinobot_description/share/arduinobot_description/meshes/forward_drive_arm.STL
[0.288s] -- Up-to-date: /home/mariselvam/arduinobot_ws/install/arduinobot_description/share/arduinobot_description/meshes/vertical_drive_arm.STL
[0.288s] -- Up-to-date: /home/mariselvam/arduinobot_ws/install/arduinobot_description/share/arduinobot_description/meshes/plate.STL
[0.288s] [31mCMake Error at cmake_install.cmake:46 (file):
[0.288s]   file INSTALL cannot find
[0.288s]   "/home/mariselvam/arduinobot_ws/scr/arduinobot_description/launch": No such
[0.288s]   file or directory.
[0.288s] 
[0.289s] [0m
[0.301s] Invoked command in '/home/mariselvam/arduinobot_ws/build/arduinobot_description' returned '1': CMAKE_PREFIX_PATH=/opt/ros/humble /usr/bin/cmake --install /home/mariselvam/arduinobot_ws/build/arduinobot_description
