[0.606s] Invoking command in '/home/mariselvam/arduinobot_ws/build/arduinobot_py_examples': PYTHONPATH=/home/mariselvam/arduinobot_ws/build/arduinobot_py_examples/prefix_override:/usr/lib/python3/dist-packages/colcon_core/task/python/colcon_distutils_commands:/home/mariselvam/arduinobot_ws/install/arduinobot_py_examples/lib/python3.10/site-packages:${PYTHONPATH} /usr/bin/python3 -W ignore:setup.py install is deprecated -W ignore:easy_install command is deprecated setup.py develop --uninstall --editable --build-directory /home/mariselvam/arduinobot_ws/build/arduinobot_py_examples/build
[0.838s] running develop
[0.995s] Removing /home/mariselvam/arduinobot_ws/install/arduinobot_py_examples/lib/python3.10/site-packages/arduinobot-py-examples.egg-link (link to .)
[1.015s] Invoked command in '/home/mariselvam/arduinobot_ws/build/arduinobot_py_examples' returned '0': PYTHONPATH=/home/mariselvam/arduinobot_ws/build/arduinobot_py_examples/prefix_override:/usr/lib/python3/dist-packages/colcon_core/task/python/colcon_distutils_commands:/home/mariselvam/arduinobot_ws/install/arduinobot_py_examples/lib/python3.10/site-packages:${PYTHONPATH} /usr/bin/python3 -W ignore:setup.py install is deprecated -W ignore:easy_install command is deprecated setup.py develop --uninstall --editable --build-directory /home/mariselvam/arduinobot_ws/build/arduinobot_py_examples/build
[1.016s] Invoking command in '/home/mariselvam/arduinobot_ws/scr/arduinobot_py_examples': PYTHONPATH=/home/mariselvam/arduinobot_ws/build/arduinobot_py_examples/prefix_override:/usr/lib/python3/dist-packages/colcon_core/task/python/colcon_distutils_commands:/home/mariselvam/arduinobot_ws/install/arduinobot_py_examples/lib/python3.10/site-packages:${PYTHONPATH} /usr/bin/python3 -W ignore:setup.py install is deprecated -W ignore:easy_install command is deprecated setup.py egg_info --egg-base ../../build/arduinobot_py_examples build --build-base /home/mariselvam/arduinobot_ws/build/arduinobot_py_examples/build install --record /home/mariselvam/arduinobot_ws/build/arduinobot_py_examples/install.log --single-version-externally-managed install_data --force
[1.220s] running egg_info
[1.221s] writing ../../build/arduinobot_py_examples/arduinobot_py_examples.egg-info/PKG-INFO
[1.221s] writing dependency_links to ../../build/arduinobot_py_examples/arduinobot_py_examples.egg-info/dependency_links.txt
[1.222s] writing entry points to ../../build/arduinobot_py_examples/arduinobot_py_examples.egg-info/entry_points.txt
[1.222s] writing requirements to ../../build/arduinobot_py_examples/arduinobot_py_examples.egg-info/requires.txt
[1.222s] writing top-level names to ../../build/arduinobot_py_examples/arduinobot_py_examples.egg-info/top_level.txt
[1.223s] reading manifest file '../../build/arduinobot_py_examples/arduinobot_py_examples.egg-info/SOURCES.txt'
[1.224s] writing manifest file '../../build/arduinobot_py_examples/arduinobot_py_examples.egg-info/SOURCES.txt'
[1.224s] running build
[1.224s] running build_py
[1.224s] creating /home/mariselvam/arduinobot_ws/build/arduinobot_py_examples/build
[1.224s] creating /home/mariselvam/arduinobot_ws/build/arduinobot_py_examples/build/lib
[1.224s] creating /home/mariselvam/arduinobot_ws/build/arduinobot_py_examples/build/lib/arduinobot_py_examples
[1.225s] copying arduinobot_py_examples/simple_subscriber.py -> /home/mariselvam/arduinobot_ws/build/arduinobot_py_examples/build/lib/arduinobot_py_examples
[1.225s] copying arduinobot_py_examples/simple_publisher.py -> /home/mariselvam/arduinobot_ws/build/arduinobot_py_examples/build/lib/arduinobot_py_examples
[1.225s] copying arduinobot_py_examples/__init__.py -> /home/mariselvam/arduinobot_ws/build/arduinobot_py_examples/build/lib/arduinobot_py_examples
[1.225s] running install
[1.225s] running install_lib
[1.226s] creating /home/mariselvam/arduinobot_ws/install/arduinobot_py_examples/lib/python3.10/site-packages/arduinobot_py_examples
[1.226s] copying /home/mariselvam/arduinobot_ws/build/arduinobot_py_examples/build/lib/arduinobot_py_examples/simple_subscriber.py -> /home/mariselvam/arduinobot_ws/install/arduinobot_py_examples/lib/python3.10/site-packages/arduinobot_py_examples
[1.226s] copying /home/mariselvam/arduinobot_ws/build/arduinobot_py_examples/build/lib/arduinobot_py_examples/simple_publisher.py -> /home/mariselvam/arduinobot_ws/install/arduinobot_py_examples/lib/python3.10/site-packages/arduinobot_py_examples
[1.226s] copying /home/mariselvam/arduinobot_ws/build/arduinobot_py_examples/build/lib/arduinobot_py_examples/__init__.py -> /home/mariselvam/arduinobot_ws/install/arduinobot_py_examples/lib/python3.10/site-packages/arduinobot_py_examples
[1.227s] byte-compiling /home/mariselvam/arduinobot_ws/install/arduinobot_py_examples/lib/python3.10/site-packages/arduinobot_py_examples/simple_subscriber.py to simple_subscriber.cpython-310.pyc
[1.227s] byte-compiling /home/mariselvam/arduinobot_ws/install/arduinobot_py_examples/lib/python3.10/site-packages/arduinobot_py_examples/simple_publisher.py to simple_publisher.cpython-310.pyc
[1.227s] byte-compiling /home/mariselvam/arduinobot_ws/install/arduinobot_py_examples/lib/python3.10/site-packages/arduinobot_py_examples/__init__.py to __init__.cpython-310.pyc
[1.227s] running install_data
[1.228s] copying resource/arduinobot_py_examples -> /home/mariselvam/arduinobot_ws/install/arduinobot_py_examples/share/ament_index/resource_index/packages
[1.228s] copying package.xml -> /home/mariselvam/arduinobot_ws/install/arduinobot_py_examples/share/arduinobot_py_examples
[1.229s] running install_egg_info
[1.230s] Copying ../../build/arduinobot_py_examples/arduinobot_py_examples.egg-info to /home/mariselvam/arduinobot_ws/install/arduinobot_py_examples/lib/python3.10/site-packages/arduinobot_py_examples-0.0.0-py3.10.egg-info
[1.231s] running install_scripts
[1.247s] Installing simple_publisher script to /home/mariselvam/arduinobot_ws/install/arduinobot_py_examples/lib/arduinobot_py_examples
[1.247s] Installing simple_subscriber script to /home/mariselvam/arduinobot_ws/install/arduinobot_py_examples/lib/arduinobot_py_examples
[1.248s] writing list of installed files to '/home/mariselvam/arduinobot_ws/build/arduinobot_py_examples/install.log'
[1.266s] Invoked command in '/home/mariselvam/arduinobot_ws/scr/arduinobot_py_examples' returned '0': PYTHONPATH=/home/mariselvam/arduinobot_ws/build/arduinobot_py_examples/prefix_override:/usr/lib/python3/dist-packages/colcon_core/task/python/colcon_distutils_commands:/home/mariselvam/arduinobot_ws/install/arduinobot_py_examples/lib/python3.10/site-packages:${PYTHONPATH} /usr/bin/python3 -W ignore:setup.py install is deprecated -W ignore:easy_install command is deprecated setup.py egg_info --egg-base ../../build/arduinobot_py_examples build --build-base /home/mariselvam/arduinobot_ws/build/arduinobot_py_examples/build install --record /home/mariselvam/arduinobot_ws/build/arduinobot_py_examples/install.log --single-version-externally-managed install_data --force
